2013/03/07 00:51:47 [error] [exception.CHttpException.404] exception 'CHttpException' with message 'Unable to resolve the request "assets/lib/bootstrap/less/mixins.less".' in C:\wamp\www\apben\framework\web\CWebApplication.php:286
Stack trace:
#0 C:\wamp\www\apben\framework\web\CWebApplication.php(141): CWebApplication->runController('assets/lib/boot...')
#1 C:\wamp\www\apben\framework\base\CApplication.php(169): CWebApplication->processRequest()
#2 C:\wamp\www\apben\index.php(13): CApplication->run()
#3 {main}
REQUEST_URI=/apben/assets/lib/bootstrap/less/mixins.less
HTTP_REFERER=http://localhost/apben/assets/e3ecaab1/css/yii.css
---
2013/03/07 00:51:57 [error] [exception.CHttpException.404] exception 'CHttpException' with message 'Unable to resolve the request "assets/lib/bootstrap/less/mixins.less".' in C:\wamp\www\apben\framework\web\CWebApplication.php:286
Stack trace:
#0 C:\wamp\www\apben\framework\web\CWebApplication.php(141): CWebApplication->runController('assets/lib/boot...')
#1 C:\wamp\www\apben\framework\base\CApplication.php(169): CWebApplication->processRequest()
#2 C:\wamp\www\apben\index.php(13): CApplication->run()
#3 {main}
REQUEST_URI=/apben/assets/lib/bootstrap/less/mixins.less
HTTP_REFERER=http://localhost/apben/assets/e3ecaab1/css/yii.css
---
2013/03/07 00:52:30 [error] [exception.CHttpException.404] exception 'CHttpException' with message 'Unable to resolve the request "assets/lib/bootstrap/less/mixins.less".' in C:\wamp\www\apben\framework\web\CWebApplication.php:286
Stack trace:
#0 C:\wamp\www\apben\framework\web\CWebApplication.php(141): CWebApplication->runController('assets/lib/boot...')
#1 C:\wamp\www\apben\framework\base\CApplication.php(169): CWebApplication->processRequest()
#2 C:\wamp\www\apben\index.php(13): CApplication->run()
#3 {main}
REQUEST_URI=/apben/assets/lib/bootstrap/less/mixins.less
HTTP_REFERER=http://localhost/apben/assets/e3ecaab1/css/yii.css
---
2013/03/07 00:52:36 [error] [exception.CHttpException.404] exception 'CHttpException' with message 'Unable to resolve the request "assets/lib/bootstrap/less/mixins.less".' in C:\wamp\www\apben\framework\web\CWebApplication.php:286
Stack trace:
#0 C:\wamp\www\apben\framework\web\CWebApplication.php(141): CWebApplication->runController('assets/lib/boot...')
#1 C:\wamp\www\apben\framework\base\CApplication.php(169): CWebApplication->processRequest()
#2 C:\wamp\www\apben\index.php(13): CApplication->run()
#3 {main}
REQUEST_URI=/apben/assets/lib/bootstrap/less/mixins.less
HTTP_REFERER=http://localhost/apben/assets/e3ecaab1/css/yii.css
---
2013/03/07 00:53:05 [error] [exception.CHttpException.404] exception 'CHttpException' with message 'Unable to resolve the request "assets/lib/bootstrap/less/mixins.less".' in C:\wamp\www\apben\framework\web\CWebApplication.php:286
Stack trace:
#0 C:\wamp\www\apben\framework\web\CWebApplication.php(141): CWebApplication->runController('assets/lib/boot...')
#1 C:\wamp\www\apben\framework\base\CApplication.php(169): CWebApplication->processRequest()
#2 C:\wamp\www\apben\index.php(13): CApplication->run()
#3 {main}
REQUEST_URI=/apben/assets/lib/bootstrap/less/mixins.less
HTTP_REFERER=http://localhost/apben/assets/e3ecaab1/css/yii.css
---
2013/03/07 00:53:27 [error] [exception.CHttpException.404] exception 'CHttpException' with message 'Unable to resolve the request "assets/lib/bootstrap/less/mixins.less".' in C:\wamp\www\apben\framework\web\CWebApplication.php:286
Stack trace:
#0 C:\wamp\www\apben\framework\web\CWebApplication.php(141): CWebApplication->runController('assets/lib/boot...')
#1 C:\wamp\www\apben\framework\base\CApplication.php(169): CWebApplication->processRequest()
#2 C:\wamp\www\apben\index.php(13): CApplication->run()
#3 {main}
REQUEST_URI=/apben/assets/lib/bootstrap/less/mixins.less
HTTP_REFERER=http://localhost/apben/assets/e3ecaab1/css/yii.css
---
2013/03/07 00:54:14 [error] [exception.CHttpException.404] exception 'CHttpException' with message 'Unable to resolve the request "assets/lib/bootstrap/less/mixins.less".' in C:\wamp\www\apben\framework\web\CWebApplication.php:286
Stack trace:
#0 C:\wamp\www\apben\framework\web\CWebApplication.php(141): CWebApplication->runController('assets/lib/boot...')
#1 C:\wamp\www\apben\framework\base\CApplication.php(169): CWebApplication->processRequest()
#2 C:\wamp\www\apben\index.php(13): CApplication->run()
#3 {main}
REQUEST_URI=/apben/assets/lib/bootstrap/less/mixins.less
HTTP_REFERER=http://localhost/apben/assets/e3ecaab1/css/yii.css
---
2013/03/07 00:54:36 [error] [exception.CHttpException.404] exception 'CHttpException' with message 'Unable to resolve the request "assets/lib/bootstrap/less/mixins.less".' in C:\wamp\www\apben\framework\web\CWebApplication.php:286
Stack trace:
#0 C:\wamp\www\apben\framework\web\CWebApplication.php(141): CWebApplication->runController('assets/lib/boot...')
#1 C:\wamp\www\apben\framework\base\CApplication.php(169): CWebApplication->processRequest()
#2 C:\wamp\www\apben\index.php(13): CApplication->run()
#3 {main}
REQUEST_URI=/apben/assets/lib/bootstrap/less/mixins.less
HTTP_REFERER=http://localhost/apben/assets/e3ecaab1/css/yii.css
---
2013/03/07 00:54:41 [error] [exception.CHttpException.404] exception 'CHttpException' with message 'Unable to resolve the request "assets/lib/bootstrap/less/mixins.less".' in C:\wamp\www\apben\framework\web\CWebApplication.php:286
Stack trace:
#0 C:\wamp\www\apben\framework\web\CWebApplication.php(141): CWebApplication->runController('assets/lib/boot...')
#1 C:\wamp\www\apben\framework\base\CApplication.php(169): CWebApplication->processRequest()
#2 C:\wamp\www\apben\index.php(13): CApplication->run()
#3 {main}
REQUEST_URI=/apben/assets/lib/bootstrap/less/mixins.less
HTTP_REFERER=http://localhost/apben/assets/e3ecaab1/css/yii.css
---
2013/03/07 00:54:53 [error] [exception.CHttpException.404] exception 'CHttpException' with message 'Unable to resolve the request "assets/lib/bootstrap/less/mixins.less".' in C:\wamp\www\apben\framework\web\CWebApplication.php:286
Stack trace:
#0 C:\wamp\www\apben\framework\web\CWebApplication.php(141): CWebApplication->runController('assets/lib/boot...')
#1 C:\wamp\www\apben\framework\base\CApplication.php(169): CWebApplication->processRequest()
#2 C:\wamp\www\apben\index.php(13): CApplication->run()
#3 {main}
REQUEST_URI=/apben/assets/lib/bootstrap/less/mixins.less
HTTP_REFERER=http://localhost/apben/assets/e3ecaab1/css/yii.css
---
2013/03/07 00:55:00 [error] [exception.CHttpException.404] exception 'CHttpException' with message 'Unable to resolve the request "assets/lib/bootstrap/less/mixins.less".' in C:\wamp\www\apben\framework\web\CWebApplication.php:286
Stack trace:
#0 C:\wamp\www\apben\framework\web\CWebApplication.php(141): CWebApplication->runController('assets/lib/boot...')
#1 C:\wamp\www\apben\framework\base\CApplication.php(169): CWebApplication->processRequest()
#2 C:\wamp\www\apben\index.php(13): CApplication->run()
#3 {main}
REQUEST_URI=/apben/assets/lib/bootstrap/less/mixins.less
HTTP_REFERER=http://localhost/apben/assets/e3ecaab1/css/yii.css
---
2013/03/07 00:55:13 [error] [exception.CHttpException.404] exception 'CHttpException' with message 'Unable to resolve the request "assets/lib/bootstrap/less/mixins.less".' in C:\wamp\www\apben\framework\web\CWebApplication.php:286
Stack trace:
#0 C:\wamp\www\apben\framework\web\CWebApplication.php(141): CWebApplication->runController('assets/lib/boot...')
#1 C:\wamp\www\apben\framework\base\CApplication.php(169): CWebApplication->processRequest()
#2 C:\wamp\www\apben\index.php(13): CApplication->run()
#3 {main}
REQUEST_URI=/apben/assets/lib/bootstrap/less/mixins.less
HTTP_REFERER=http://localhost/apben/assets/e3ecaab1/css/yii.css
---
2013/03/07 00:55:53 [error] [exception.CHttpException.404] exception 'CHttpException' with message 'Unable to resolve the request "assets/lib/bootstrap/less/mixins.less".' in C:\wamp\www\apben\framework\web\CWebApplication.php:286
Stack trace:
#0 C:\wamp\www\apben\framework\web\CWebApplication.php(141): CWebApplication->runController('assets/lib/boot...')
#1 C:\wamp\www\apben\framework\base\CApplication.php(169): CWebApplication->processRequest()
#2 C:\wamp\www\apben\index.php(13): CApplication->run()
#3 {main}
REQUEST_URI=/apben/assets/lib/bootstrap/less/mixins.less
HTTP_REFERER=http://localhost/apben/assets/e3ecaab1/css/yii.css
---
2013/03/07 00:59:33 [error] [exception.CHttpException.404] exception 'CHttpException' with message 'Unable to resolve the request "assets/lib/bootstrap/less/mixins.less".' in C:\wamp\www\apben\framework\web\CWebApplication.php:286
Stack trace:
#0 C:\wamp\www\apben\framework\web\CWebApplication.php(141): CWebApplication->runController('assets/lib/boot...')
#1 C:\wamp\www\apben\framework\base\CApplication.php(169): CWebApplication->processRequest()
#2 C:\wamp\www\apben\index.php(13): CApplication->run()
#3 {main}
REQUEST_URI=/apben/assets/lib/bootstrap/less/mixins.less
HTTP_REFERER=http://localhost/apben/assets/e3ecaab1/css/yii.css
---
2013/03/07 01:00:06 [error] [exception.CHttpException.404] exception 'CHttpException' with message 'Unable to resolve the request "assets/lib/bootstrap/less/mixins.less".' in C:\wamp\www\apben\framework\web\CWebApplication.php:286
Stack trace:
#0 C:\wamp\www\apben\framework\web\CWebApplication.php(141): CWebApplication->runController('assets/lib/boot...')
#1 C:\wamp\www\apben\framework\base\CApplication.php(169): CWebApplication->processRequest()
#2 C:\wamp\www\apben\index.php(13): CApplication->run()
#3 {main}
REQUEST_URI=/apben/assets/lib/bootstrap/less/mixins.less
HTTP_REFERER=http://localhost/apben/assets/e3ecaab1/css/yii.css
---
2013/03/07 01:00:15 [error] [exception.CHttpException.404] exception 'CHttpException' with message 'Unable to resolve the request "assets/lib/bootstrap/less/mixins.less".' in C:\wamp\www\apben\framework\web\CWebApplication.php:286
Stack trace:
#0 C:\wamp\www\apben\framework\web\CWebApplication.php(141): CWebApplication->runController('assets/lib/boot...')
#1 C:\wamp\www\apben\framework\base\CApplication.php(169): CWebApplication->processRequest()
#2 C:\wamp\www\apben\index.php(13): CApplication->run()
#3 {main}
REQUEST_URI=/apben/assets/lib/bootstrap/less/mixins.less
HTTP_REFERER=http://localhost/apben/assets/e3ecaab1/css/yii.css
---
2013/03/07 01:02:23 [error] [exception.CHttpException.404] exception 'CHttpException' with message 'Unable to resolve the request "assets/lib/bootstrap/less/mixins.less".' in C:\wamp\www\apben\framework\web\CWebApplication.php:286
Stack trace:
#0 C:\wamp\www\apben\framework\web\CWebApplication.php(141): CWebApplication->runController('assets/lib/boot...')
#1 C:\wamp\www\apben\framework\base\CApplication.php(169): CWebApplication->processRequest()
#2 C:\wamp\www\apben\index.php(13): CApplication->run()
#3 {main}
REQUEST_URI=/apben/assets/lib/bootstrap/less/mixins.less
HTTP_REFERER=http://localhost/apben/assets/e3ecaab1/css/yii.css
---
2013/03/07 01:02:53 [error] [exception.CHttpException.404] exception 'CHttpException' with message 'Unable to resolve the request "assets/lib/bootstrap/less/mixins.less".' in C:\wamp\www\apben\framework\web\CWebApplication.php:286
Stack trace:
#0 C:\wamp\www\apben\framework\web\CWebApplication.php(141): CWebApplication->runController('assets/lib/boot...')
#1 C:\wamp\www\apben\framework\base\CApplication.php(169): CWebApplication->processRequest()
#2 C:\wamp\www\apben\index.php(13): CApplication->run()
#3 {main}
REQUEST_URI=/apben/assets/lib/bootstrap/less/mixins.less
HTTP_REFERER=http://localhost/apben/assets/e3ecaab1/css/yii.css
---
2013/03/07 01:03:41 [error] [exception.CHttpException.404] exception 'CHttpException' with message 'Unable to resolve the request "assets/lib/bootstrap/less/mixins.less".' in C:\wamp\www\apben\framework\web\CWebApplication.php:286
Stack trace:
#0 C:\wamp\www\apben\framework\web\CWebApplication.php(141): CWebApplication->runController('assets/lib/boot...')
#1 C:\wamp\www\apben\framework\base\CApplication.php(169): CWebApplication->processRequest()
#2 C:\wamp\www\apben\index.php(13): CApplication->run()
#3 {main}
REQUEST_URI=/apben/assets/lib/bootstrap/less/mixins.less
HTTP_REFERER=http://localhost/apben/assets/e3ecaab1/css/yii.css
---
2013/03/07 01:04:14 [error] [exception.CHttpException.404] exception 'CHttpException' with message 'Unable to resolve the request "assets/lib/bootstrap/less/mixins.less".' in C:\wamp\www\apben\framework\web\CWebApplication.php:286
Stack trace:
#0 C:\wamp\www\apben\framework\web\CWebApplication.php(141): CWebApplication->runController('assets/lib/boot...')
#1 C:\wamp\www\apben\framework\base\CApplication.php(169): CWebApplication->processRequest()
#2 C:\wamp\www\apben\index.php(13): CApplication->run()
#3 {main}
REQUEST_URI=/apben/assets/lib/bootstrap/less/mixins.less
HTTP_REFERER=http://localhost/apben/assets/e3ecaab1/css/yii.css
---
2013/03/07 01:04:44 [error] [exception.CHttpException.404] exception 'CHttpException' with message 'Unable to resolve the request "assets/lib/bootstrap/less/mixins.less".' in C:\wamp\www\apben\framework\web\CWebApplication.php:286
Stack trace:
#0 C:\wamp\www\apben\framework\web\CWebApplication.php(141): CWebApplication->runController('assets/lib/boot...')
#1 C:\wamp\www\apben\framework\base\CApplication.php(169): CWebApplication->processRequest()
#2 C:\wamp\www\apben\index.php(13): CApplication->run()
#3 {main}
REQUEST_URI=/apben/assets/lib/bootstrap/less/mixins.less
HTTP_REFERER=http://localhost/apben/assets/e3ecaab1/css/yii.css
---
2013/03/07 01:05:27 [error] [exception.CHttpException.404] exception 'CHttpException' with message 'Unable to resolve the request "assets/lib/bootstrap/less/mixins.less".' in C:\wamp\www\apben\framework\web\CWebApplication.php:286
Stack trace:
#0 C:\wamp\www\apben\framework\web\CWebApplication.php(141): CWebApplication->runController('assets/lib/boot...')
#1 C:\wamp\www\apben\framework\base\CApplication.php(169): CWebApplication->processRequest()
#2 C:\wamp\www\apben\index.php(13): CApplication->run()
#3 {main}
REQUEST_URI=/apben/assets/lib/bootstrap/less/mixins.less
HTTP_REFERER=http://localhost/apben/assets/e3ecaab1/css/yii.css
---
2013/03/07 01:06:40 [error] [exception.CHttpException.404] exception 'CHttpException' with message 'Unable to resolve the request "assets/lib/bootstrap/less/mixins.less".' in C:\wamp\www\apben\framework\web\CWebApplication.php:286
Stack trace:
#0 C:\wamp\www\apben\framework\web\CWebApplication.php(141): CWebApplication->runController('assets/lib/boot...')
#1 C:\wamp\www\apben\framework\base\CApplication.php(169): CWebApplication->processRequest()
#2 C:\wamp\www\apben\index.php(13): CApplication->run()
#3 {main}
REQUEST_URI=/apben/assets/lib/bootstrap/less/mixins.less
HTTP_REFERER=http://localhost/apben/assets/e3ecaab1/css/yii.css
---
2013/03/07 01:07:16 [error] [exception.CHttpException.404] exception 'CHttpException' with message 'Unable to resolve the request "assets/lib/bootstrap/less/mixins.less".' in C:\wamp\www\apben\framework\web\CWebApplication.php:286
Stack trace:
#0 C:\wamp\www\apben\framework\web\CWebApplication.php(141): CWebApplication->runController('assets/lib/boot...')
#1 C:\wamp\www\apben\framework\base\CApplication.php(169): CWebApplication->processRequest()
#2 C:\wamp\www\apben\index.php(13): CApplication->run()
#3 {main}
REQUEST_URI=/apben/assets/lib/bootstrap/less/mixins.less
HTTP_REFERER=http://localhost/apben/assets/e3ecaab1/css/yii.css
---
2013/03/07 01:07:23 [error] [exception.CHttpException.404] exception 'CHttpException' with message 'Unable to resolve the request "assets/lib/bootstrap/less/mixins.less".' in C:\wamp\www\apben\framework\web\CWebApplication.php:286
Stack trace:
#0 C:\wamp\www\apben\framework\web\CWebApplication.php(141): CWebApplication->runController('assets/lib/boot...')
#1 C:\wamp\www\apben\framework\base\CApplication.php(169): CWebApplication->processRequest()
#2 C:\wamp\www\apben\index.php(13): CApplication->run()
#3 {main}
REQUEST_URI=/apben/assets/lib/bootstrap/less/mixins.less
HTTP_REFERER=http://localhost/apben/assets/e3ecaab1/css/yii.css
---
2013/03/07 01:07:58 [error] [exception.CHttpException.404] exception 'CHttpException' with message 'Unable to resolve the request "assets/lib/bootstrap/less/mixins.less".' in C:\wamp\www\apben\framework\web\CWebApplication.php:286
Stack trace:
#0 C:\wamp\www\apben\framework\web\CWebApplication.php(141): CWebApplication->runController('assets/lib/boot...')
#1 C:\wamp\www\apben\framework\base\CApplication.php(169): CWebApplication->processRequest()
#2 C:\wamp\www\apben\index.php(13): CApplication->run()
#3 {main}
REQUEST_URI=/apben/assets/lib/bootstrap/less/mixins.less
HTTP_REFERER=http://localhost/apben/assets/e3ecaab1/css/yii.css
---
2013/03/07 01:08:33 [error] [exception.CHttpException.404] exception 'CHttpException' with message 'Unable to resolve the request "assets/lib/bootstrap/less/mixins.less".' in C:\wamp\www\apben\framework\web\CWebApplication.php:286
Stack trace:
#0 C:\wamp\www\apben\framework\web\CWebApplication.php(141): CWebApplication->runController('assets/lib/boot...')
#1 C:\wamp\www\apben\framework\base\CApplication.php(169): CWebApplication->processRequest()
#2 C:\wamp\www\apben\index.php(13): CApplication->run()
#3 {main}
REQUEST_URI=/apben/assets/lib/bootstrap/less/mixins.less
HTTP_REFERER=http://localhost/apben/assets/e3ecaab1/css/yii.css
---
2013/03/07 01:08:44 [error] [exception.CHttpException.404] exception 'CHttpException' with message 'Unable to resolve the request "assets/lib/bootstrap/less/mixins.less".' in C:\wamp\www\apben\framework\web\CWebApplication.php:286
Stack trace:
#0 C:\wamp\www\apben\framework\web\CWebApplication.php(141): CWebApplication->runController('assets/lib/boot...')
#1 C:\wamp\www\apben\framework\base\CApplication.php(169): CWebApplication->processRequest()
#2 C:\wamp\www\apben\index.php(13): CApplication->run()
#3 {main}
REQUEST_URI=/apben/assets/lib/bootstrap/less/mixins.less
HTTP_REFERER=http://localhost/apben/assets/e3ecaab1/css/yii.css
---
2013/03/07 01:09:05 [error] [exception.CHttpException.404] exception 'CHttpException' with message 'Unable to resolve the request "assets/lib/bootstrap/less/mixins.less".' in C:\wamp\www\apben\framework\web\CWebApplication.php:286
Stack trace:
#0 C:\wamp\www\apben\framework\web\CWebApplication.php(141): CWebApplication->runController('assets/lib/boot...')
#1 C:\wamp\www\apben\framework\base\CApplication.php(169): CWebApplication->processRequest()
#2 C:\wamp\www\apben\index.php(13): CApplication->run()
#3 {main}
REQUEST_URI=/apben/assets/lib/bootstrap/less/mixins.less
HTTP_REFERER=http://localhost/apben/assets/e3ecaab1/css/yii.css
---
2013/03/07 01:09:23 [error] [exception.CHttpException.404] exception 'CHttpException' with message 'Unable to resolve the request "assets/lib/bootstrap/less/mixins.less".' in C:\wamp\www\apben\framework\web\CWebApplication.php:286
Stack trace:
#0 C:\wamp\www\apben\framework\web\CWebApplication.php(141): CWebApplication->runController('assets/lib/boot...')
#1 C:\wamp\www\apben\framework\base\CApplication.php(169): CWebApplication->processRequest()
#2 C:\wamp\www\apben\index.php(13): CApplication->run()
#3 {main}
REQUEST_URI=/apben/assets/lib/bootstrap/less/mixins.less
HTTP_REFERER=http://localhost/apben/assets/e3ecaab1/css/yii.css
---
2013/03/07 01:09:51 [error] [exception.CHttpException.404] exception 'CHttpException' with message 'Unable to resolve the request "assets/lib/bootstrap/less/mixins.less".' in C:\wamp\www\apben\framework\web\CWebApplication.php:286
Stack trace:
#0 C:\wamp\www\apben\framework\web\CWebApplication.php(141): CWebApplication->runController('assets/lib/boot...')
#1 C:\wamp\www\apben\framework\base\CApplication.php(169): CWebApplication->processRequest()
#2 C:\wamp\www\apben\index.php(13): CApplication->run()
#3 {main}
REQUEST_URI=/apben/assets/lib/bootstrap/less/mixins.less
HTTP_REFERER=http://localhost/apben/assets/e3ecaab1/css/yii.css
---
2013/03/07 01:10:22 [error] [exception.CHttpException.404] exception 'CHttpException' with message 'Unable to resolve the request "assets/lib/bootstrap/less/mixins.less".' in C:\wamp\www\apben\framework\web\CWebApplication.php:286
Stack trace:
#0 C:\wamp\www\apben\framework\web\CWebApplication.php(141): CWebApplication->runController('assets/lib/boot...')
#1 C:\wamp\www\apben\framework\base\CApplication.php(169): CWebApplication->processRequest()
#2 C:\wamp\www\apben\index.php(13): CApplication->run()
#3 {main}
REQUEST_URI=/apben/assets/lib/bootstrap/less/mixins.less
HTTP_REFERER=http://localhost/apben/assets/e3ecaab1/css/yii.css
---
2013/03/07 01:11:07 [error] [exception.CHttpException.404] exception 'CHttpException' with message 'Unable to resolve the request "assets/lib/bootstrap/less/mixins.less".' in C:\wamp\www\apben\framework\web\CWebApplication.php:286
Stack trace:
#0 C:\wamp\www\apben\framework\web\CWebApplication.php(141): CWebApplication->runController('assets/lib/boot...')
#1 C:\wamp\www\apben\framework\base\CApplication.php(169): CWebApplication->processRequest()
#2 C:\wamp\www\apben\index.php(13): CApplication->run()
#3 {main}
REQUEST_URI=/apben/assets/lib/bootstrap/less/mixins.less
HTTP_REFERER=http://localhost/apben/assets/e3ecaab1/css/yii.css
---
2013/03/07 01:11:18 [error] [exception.CHttpException.404] exception 'CHttpException' with message 'Unable to resolve the request "assets/lib/bootstrap/less/mixins.less".' in C:\wamp\www\apben\framework\web\CWebApplication.php:286
Stack trace:
#0 C:\wamp\www\apben\framework\web\CWebApplication.php(141): CWebApplication->runController('assets/lib/boot...')
#1 C:\wamp\www\apben\framework\base\CApplication.php(169): CWebApplication->processRequest()
#2 C:\wamp\www\apben\index.php(13): CApplication->run()
#3 {main}
REQUEST_URI=/apben/assets/lib/bootstrap/less/mixins.less
HTTP_REFERER=http://localhost/apben/assets/e3ecaab1/css/yii.css
---
2013/03/07 01:11:25 [error] [exception.CHttpException.404] exception 'CHttpException' with message 'Unable to resolve the request "assets/lib/bootstrap/less/mixins.less".' in C:\wamp\www\apben\framework\web\CWebApplication.php:286
Stack trace:
#0 C:\wamp\www\apben\framework\web\CWebApplication.php(141): CWebApplication->runController('assets/lib/boot...')
#1 C:\wamp\www\apben\framework\base\CApplication.php(169): CWebApplication->processRequest()
#2 C:\wamp\www\apben\index.php(13): CApplication->run()
#3 {main}
REQUEST_URI=/apben/assets/lib/bootstrap/less/mixins.less
HTTP_REFERER=http://localhost/apben/assets/e3ecaab1/css/yii.css
---
2013/03/07 01:11:53 [error] [exception.CHttpException.404] exception 'CHttpException' with message 'Unable to resolve the request "assets/lib/bootstrap/less/mixins.less".' in C:\wamp\www\apben\framework\web\CWebApplication.php:286
Stack trace:
#0 C:\wamp\www\apben\framework\web\CWebApplication.php(141): CWebApplication->runController('assets/lib/boot...')
#1 C:\wamp\www\apben\framework\base\CApplication.php(169): CWebApplication->processRequest()
#2 C:\wamp\www\apben\index.php(13): CApplication->run()
#3 {main}
REQUEST_URI=/apben/assets/lib/bootstrap/less/mixins.less
HTTP_REFERER=http://localhost/apben/assets/e3ecaab1/css/yii.css
---
2013/03/07 01:11:57 [error] [exception.CHttpException.404] exception 'CHttpException' with message 'Unable to resolve the request "assets/lib/bootstrap/less/mixins.less".' in C:\wamp\www\apben\framework\web\CWebApplication.php:286
Stack trace:
#0 C:\wamp\www\apben\framework\web\CWebApplication.php(141): CWebApplication->runController('assets/lib/boot...')
#1 C:\wamp\www\apben\framework\base\CApplication.php(169): CWebApplication->processRequest()
#2 C:\wamp\www\apben\index.php(13): CApplication->run()
#3 {main}
REQUEST_URI=/apben/assets/lib/bootstrap/less/mixins.less
HTTP_REFERER=http://localhost/apben/assets/e3ecaab1/css/yii.css
---
2013/03/07 01:12:22 [error] [exception.CHttpException.404] exception 'CHttpException' with message 'Unable to resolve the request "assets/lib/bootstrap/less/mixins.less".' in C:\wamp\www\apben\framework\web\CWebApplication.php:286
Stack trace:
#0 C:\wamp\www\apben\framework\web\CWebApplication.php(141): CWebApplication->runController('assets/lib/boot...')
#1 C:\wamp\www\apben\framework\base\CApplication.php(169): CWebApplication->processRequest()
#2 C:\wamp\www\apben\index.php(13): CApplication->run()
#3 {main}
REQUEST_URI=/apben/assets/lib/bootstrap/less/mixins.less
HTTP_REFERER=http://localhost/apben/assets/e3ecaab1/css/yii.css
---
2013/03/07 01:13:14 [error] [exception.CHttpException.404] exception 'CHttpException' with message 'Unable to resolve the request "assets/lib/bootstrap/less/mixins.less".' in C:\wamp\www\apben\framework\web\CWebApplication.php:286
Stack trace:
#0 C:\wamp\www\apben\framework\web\CWebApplication.php(141): CWebApplication->runController('assets/lib/boot...')
#1 C:\wamp\www\apben\framework\base\CApplication.php(169): CWebApplication->processRequest()
#2 C:\wamp\www\apben\index.php(13): CApplication->run()
#3 {main}
REQUEST_URI=/apben/assets/lib/bootstrap/less/mixins.less
HTTP_REFERER=http://localhost/apben/assets/e3ecaab1/css/yii.css
---
2013/03/07 01:13:33 [error] [exception.CHttpException.404] exception 'CHttpException' with message 'Unable to resolve the request "assets/lib/bootstrap/less/mixins.less".' in C:\wamp\www\apben\framework\web\CWebApplication.php:286
Stack trace:
#0 C:\wamp\www\apben\framework\web\CWebApplication.php(141): CWebApplication->runController('assets/lib/boot...')
#1 C:\wamp\www\apben\framework\base\CApplication.php(169): CWebApplication->processRequest()
#2 C:\wamp\www\apben\index.php(13): CApplication->run()
#3 {main}
REQUEST_URI=/apben/assets/lib/bootstrap/less/mixins.less
HTTP_REFERER=http://localhost/apben/assets/e3ecaab1/css/yii.css
---
2013/03/07 01:13:49 [error] [exception.CHttpException.404] exception 'CHttpException' with message 'Unable to resolve the request "assets/lib/bootstrap/less/mixins.less".' in C:\wamp\www\apben\framework\web\CWebApplication.php:286
Stack trace:
#0 C:\wamp\www\apben\framework\web\CWebApplication.php(141): CWebApplication->runController('assets/lib/boot...')
#1 C:\wamp\www\apben\framework\base\CApplication.php(169): CWebApplication->processRequest()
#2 C:\wamp\www\apben\index.php(13): CApplication->run()
#3 {main}
REQUEST_URI=/apben/assets/lib/bootstrap/less/mixins.less
HTTP_REFERER=http://localhost/apben/assets/e3ecaab1/css/yii.css
---
2013/03/07 01:14:01 [error] [exception.CHttpException.404] exception 'CHttpException' with message 'Unable to resolve the request "assets/lib/bootstrap/less/mixins.less".' in C:\wamp\www\apben\framework\web\CWebApplication.php:286
Stack trace:
#0 C:\wamp\www\apben\framework\web\CWebApplication.php(141): CWebApplication->runController('assets/lib/boot...')
#1 C:\wamp\www\apben\framework\base\CApplication.php(169): CWebApplication->processRequest()
#2 C:\wamp\www\apben\index.php(13): CApplication->run()
#3 {main}
REQUEST_URI=/apben/assets/lib/bootstrap/less/mixins.less
HTTP_REFERER=http://localhost/apben/assets/e3ecaab1/css/yii.css
---
2013/03/07 01:14:25 [error] [exception.CHttpException.404] exception 'CHttpException' with message 'Unable to resolve the request "assets/lib/bootstrap/less/mixins.less".' in C:\wamp\www\apben\framework\web\CWebApplication.php:286
Stack trace:
#0 C:\wamp\www\apben\framework\web\CWebApplication.php(141): CWebApplication->runController('assets/lib/boot...')
#1 C:\wamp\www\apben\framework\base\CApplication.php(169): CWebApplication->processRequest()
#2 C:\wamp\www\apben\index.php(13): CApplication->run()
#3 {main}
REQUEST_URI=/apben/assets/lib/bootstrap/less/mixins.less
HTTP_REFERER=http://localhost/apben/assets/e3ecaab1/css/yii.css
---
2013/03/07 01:15:14 [error] [exception.CHttpException.404] exception 'CHttpException' with message 'Unable to resolve the request "assets/lib/bootstrap/less/mixins.less".' in C:\wamp\www\apben\framework\web\CWebApplication.php:286
Stack trace:
#0 C:\wamp\www\apben\framework\web\CWebApplication.php(141): CWebApplication->runController('assets/lib/boot...')
#1 C:\wamp\www\apben\framework\base\CApplication.php(169): CWebApplication->processRequest()
#2 C:\wamp\www\apben\index.php(13): CApplication->run()
#3 {main}
REQUEST_URI=/apben/assets/lib/bootstrap/less/mixins.less
HTTP_REFERER=http://localhost/apben/assets/e3ecaab1/css/yii.css
---
2013/03/07 01:15:33 [error] [exception.CHttpException.404] exception 'CHttpException' with message 'Unable to resolve the request "assets/lib/bootstrap/less/mixins.less".' in C:\wamp\www\apben\framework\web\CWebApplication.php:286
Stack trace:
#0 C:\wamp\www\apben\framework\web\CWebApplication.php(141): CWebApplication->runController('assets/lib/boot...')
#1 C:\wamp\www\apben\framework\base\CApplication.php(169): CWebApplication->processRequest()
#2 C:\wamp\www\apben\index.php(13): CApplication->run()
#3 {main}
REQUEST_URI=/apben/assets/lib/bootstrap/less/mixins.less
HTTP_REFERER=http://localhost/apben/assets/e3ecaab1/css/yii.css
---
2013/03/07 01:16:48 [error] [exception.CHttpException.404] exception 'CHttpException' with message 'Unable to resolve the request "assets/lib/bootstrap/less/mixins.less".' in C:\wamp\www\apben\framework\web\CWebApplication.php:286
Stack trace:
#0 C:\wamp\www\apben\framework\web\CWebApplication.php(141): CWebApplication->runController('assets/lib/boot...')
#1 C:\wamp\www\apben\framework\base\CApplication.php(169): CWebApplication->processRequest()
#2 C:\wamp\www\apben\index.php(13): CApplication->run()
#3 {main}
REQUEST_URI=/apben/assets/lib/bootstrap/less/mixins.less
HTTP_REFERER=http://localhost/apben/assets/e3ecaab1/css/yii.css
---
2013/03/07 01:16:52 [error] [exception.CHttpException.404] exception 'CHttpException' with message 'Unable to resolve the request "assets/lib/bootstrap/less/mixins.less".' in C:\wamp\www\apben\framework\web\CWebApplication.php:286
Stack trace:
#0 C:\wamp\www\apben\framework\web\CWebApplication.php(141): CWebApplication->runController('assets/lib/boot...')
#1 C:\wamp\www\apben\framework\base\CApplication.php(169): CWebApplication->processRequest()
#2 C:\wamp\www\apben\index.php(13): CApplication->run()
#3 {main}
REQUEST_URI=/apben/assets/lib/bootstrap/less/mixins.less
HTTP_REFERER=http://localhost/apben/assets/e3ecaab1/css/yii.css
---
2013/03/07 01:16:56 [error] [exception.CHttpException.404] exception 'CHttpException' with message 'Unable to resolve the request "assets/lib/bootstrap/less/mixins.less".' in C:\wamp\www\apben\framework\web\CWebApplication.php:286
Stack trace:
#0 C:\wamp\www\apben\framework\web\CWebApplication.php(141): CWebApplication->runController('assets/lib/boot...')
#1 C:\wamp\www\apben\framework\base\CApplication.php(169): CWebApplication->processRequest()
#2 C:\wamp\www\apben\index.php(13): CApplication->run()
#3 {main}
REQUEST_URI=/apben/assets/lib/bootstrap/less/mixins.less
HTTP_REFERER=http://localhost/apben/assets/e3ecaab1/css/yii.css
---
2013/03/07 01:17:48 [error] [exception.CHttpException.404] exception 'CHttpException' with message 'Unable to resolve the request "assets/lib/bootstrap/less/mixins.less".' in C:\wamp\www\apben\framework\web\CWebApplication.php:286
Stack trace:
#0 C:\wamp\www\apben\framework\web\CWebApplication.php(141): CWebApplication->runController('assets/lib/boot...')
#1 C:\wamp\www\apben\framework\base\CApplication.php(169): CWebApplication->processRequest()
#2 C:\wamp\www\apben\index.php(13): CApplication->run()
#3 {main}
REQUEST_URI=/apben/assets/lib/bootstrap/less/mixins.less
HTTP_REFERER=http://localhost/apben/assets/e3ecaab1/css/yii.css
---
2013/03/07 01:19:03 [error] [exception.CHttpException.404] exception 'CHttpException' with message 'Unable to resolve the request "assets/lib/bootstrap/less/mixins.less".' in C:\wamp\www\apben\framework\web\CWebApplication.php:286
Stack trace:
#0 C:\wamp\www\apben\framework\web\CWebApplication.php(141): CWebApplication->runController('assets/lib/boot...')
#1 C:\wamp\www\apben\framework\base\CApplication.php(169): CWebApplication->processRequest()
#2 C:\wamp\www\apben\index.php(13): CApplication->run()
#3 {main}
REQUEST_URI=/apben/assets/lib/bootstrap/less/mixins.less
HTTP_REFERER=http://localhost/apben/assets/e3ecaab1/css/yii.css
---
2013/03/07 01:19:08 [error] [exception.CHttpException.404] exception 'CHttpException' with message 'Unable to resolve the request "assets/lib/bootstrap/less/mixins.less".' in C:\wamp\www\apben\framework\web\CWebApplication.php:286
Stack trace:
#0 C:\wamp\www\apben\framework\web\CWebApplication.php(141): CWebApplication->runController('assets/lib/boot...')
#1 C:\wamp\www\apben\framework\base\CApplication.php(169): CWebApplication->processRequest()
#2 C:\wamp\www\apben\index.php(13): CApplication->run()
#3 {main}
REQUEST_URI=/apben/assets/lib/bootstrap/less/mixins.less
HTTP_REFERER=http://localhost/apben/assets/e3ecaab1/css/yii.css
---
2013/03/07 01:19:34 [error] [exception.CHttpException.404] exception 'CHttpException' with message 'Unable to resolve the request "assets/lib/bootstrap/less/mixins.less".' in C:\wamp\www\apben\framework\web\CWebApplication.php:286
Stack trace:
#0 C:\wamp\www\apben\framework\web\CWebApplication.php(141): CWebApplication->runController('assets/lib/boot...')
#1 C:\wamp\www\apben\framework\base\CApplication.php(169): CWebApplication->processRequest()
#2 C:\wamp\www\apben\index.php(13): CApplication->run()
#3 {main}
REQUEST_URI=/apben/assets/lib/bootstrap/less/mixins.less
HTTP_REFERER=http://localhost/apben/assets/e3ecaab1/css/yii.css
---
2013/03/07 01:19:58 [error] [exception.CHttpException.404] exception 'CHttpException' with message 'Unable to resolve the request "assets/lib/bootstrap/less/mixins.less".' in C:\wamp\www\apben\framework\web\CWebApplication.php:286
Stack trace:
#0 C:\wamp\www\apben\framework\web\CWebApplication.php(141): CWebApplication->runController('assets/lib/boot...')
#1 C:\wamp\www\apben\framework\base\CApplication.php(169): CWebApplication->processRequest()
#2 C:\wamp\www\apben\index.php(13): CApplication->run()
#3 {main}
REQUEST_URI=/apben/assets/lib/bootstrap/less/mixins.less
HTTP_REFERER=http://localhost/apben/assets/e3ecaab1/css/yii.css
---
2013/03/07 01:20:06 [error] [exception.CHttpException.404] exception 'CHttpException' with message 'Unable to resolve the request "assets/lib/bootstrap/less/mixins.less".' in C:\wamp\www\apben\framework\web\CWebApplication.php:286
Stack trace:
#0 C:\wamp\www\apben\framework\web\CWebApplication.php(141): CWebApplication->runController('assets/lib/boot...')
#1 C:\wamp\www\apben\framework\base\CApplication.php(169): CWebApplication->processRequest()
#2 C:\wamp\www\apben\index.php(13): CApplication->run()
#3 {main}
REQUEST_URI=/apben/assets/lib/bootstrap/less/mixins.less
HTTP_REFERER=http://localhost/apben/assets/e3ecaab1/css/yii.css
---
2013/03/07 01:20:50 [error] [exception.CHttpException.404] exception 'CHttpException' with message 'Unable to resolve the request "assets/lib/bootstrap/less/mixins.less".' in C:\wamp\www\apben\framework\web\CWebApplication.php:286
Stack trace:
#0 C:\wamp\www\apben\framework\web\CWebApplication.php(141): CWebApplication->runController('assets/lib/boot...')
#1 C:\wamp\www\apben\framework\base\CApplication.php(169): CWebApplication->processRequest()
#2 C:\wamp\www\apben\index.php(13): CApplication->run()
#3 {main}
REQUEST_URI=/apben/assets/lib/bootstrap/less/mixins.less
HTTP_REFERER=http://localhost/apben/assets/e3ecaab1/css/yii.css
---
2013/03/07 01:21:07 [error] [exception.CHttpException.404] exception 'CHttpException' with message 'Unable to resolve the request "assets/lib/bootstrap/less/mixins.less".' in C:\wamp\www\apben\framework\web\CWebApplication.php:286
Stack trace:
#0 C:\wamp\www\apben\framework\web\CWebApplication.php(141): CWebApplication->runController('assets/lib/boot...')
#1 C:\wamp\www\apben\framework\base\CApplication.php(169): CWebApplication->processRequest()
#2 C:\wamp\www\apben\index.php(13): CApplication->run()
#3 {main}
REQUEST_URI=/apben/assets/lib/bootstrap/less/mixins.less
HTTP_REFERER=http://localhost/apben/assets/e3ecaab1/css/yii.css
---
2013/03/07 01:25:38 [error] [php] Missing argument 1 for CActiveRecordBehavior::afterFind(), called in C:\wamp\www\apben\protected\components\RevisionBehavior.php on line 37 and defined (C:\wamp\www\apben\framework\db\ar\CActiveRecordBehavior.php:99)
Stack trace:
#0 C:\wamp\www\apben\framework\db\ar\CActiveRecord.php(885): Output->raiseEvent()
#1 C:\wamp\www\apben\framework\db\ar\CActiveRecord.php(980): Output->onAfterFind()
#2 C:\wamp\www\apben\framework\db\ar\CActiveRecord.php(998): Output->afterFind()
#3 C:\wamp\www\apben\framework\db\ar\CActiveFinder.php(727): Output->afterFindInternal()
#4 C:\wamp\www\apben\framework\db\ar\CActiveFinder.php(167): CJoinElement->afterFind()
#5 C:\wamp\www\apben\framework\db\ar\CActiveRecord.php(272): CActiveFinder->lazyFind()
#6 C:\wamp\www\apben\framework\db\ar\CActiveRecord.php(141): Dipa->getRelated()
#7 C:\wamp\www\apben\protected\views\dipa\view.php(60): Dipa->__get()
#8 C:\wamp\www\apben\framework\web\CBaseController.php(126): require()
#9 C:\wamp\www\apben\framework\web\CBaseController.php(95): DipaController->renderInternal()
#10 C:\wamp\www\apben\framework\web\CController.php(869): DipaController->renderFile()
#11 C:\wamp\www\apben\framework\web\CController.php(782): DipaController->renderPartial()
#12 C:\wamp\www\apben\protected\controllers\DipaController.php(62): DipaController->render()
#13 unknown(0): DipaController->actionView()
#14 C:\wamp\www\apben\framework\web\actions\CAction.php(108): ReflectionMethod->invokeArgs()
#15 C:\wamp\www\apben\framework\web\actions\CInlineAction.php(47): CInlineAction->runWithParamsInternal()
#16 C:\wamp\www\apben\framework\web\CController.php(308): CInlineAction->runWithParams()
#17 C:\wamp\www\apben\framework\web\filters\CFilterChain.php(133): DipaController->runAction()
#18 C:\wamp\www\apben\framework\web\filters\CFilter.php(40): CFilterChain->run()
#19 C:\wamp\www\apben\framework\web\CController.php(1145): CAccessControlFilter->filter()
#20 C:\wamp\www\apben\framework\web\filters\CInlineFilter.php(58): DipaController->filterAccessControl()
#21 C:\wamp\www\apben\framework\web\filters\CFilterChain.php(130): CInlineFilter->filter()
#22 C:\wamp\www\apben\framework\web\CController.php(291): CFilterChain->run()
#23 C:\wamp\www\apben\framework\web\CController.php(265): DipaController->runActionWithFilters()
#24 C:\wamp\www\apben\framework\web\CWebApplication.php(282): DipaController->run()
#25 C:\wamp\www\apben\framework\web\CWebApplication.php(141): CWebApplication->runController()
#26 C:\wamp\www\apben\framework\base\CApplication.php(169): CWebApplication->processRequest()
#27 C:\wamp\www\apben\index.php(13): CWebApplication->run()
REQUEST_URI=/apben/dipa/view/1
in C:\wamp\www\apben\protected\components\RevisionBehavior.php (37)
in C:\wamp\www\apben\protected\views\dipa\view.php (60)
in C:\wamp\www\apben\protected\controllers\DipaController.php (62)
2013/03/07 01:25:51 [error] [exception.CHttpException.404] exception 'CHttpException' with message 'Unable to resolve the request "assets/lib/bootstrap/less/mixins.less".' in C:\wamp\www\apben\framework\web\CWebApplication.php:286
Stack trace:
#0 C:\wamp\www\apben\framework\web\CWebApplication.php(141): CWebApplication->runController('assets/lib/boot...')
#1 C:\wamp\www\apben\framework\base\CApplication.php(169): CWebApplication->processRequest()
#2 C:\wamp\www\apben\index.php(13): CApplication->run()
#3 {main}
REQUEST_URI=/apben/assets/lib/bootstrap/less/mixins.less
HTTP_REFERER=http://localhost/apben/assets/e3ecaab1/css/yii.css
---
2013/03/07 01:25:56 [error] [exception.CHttpException.404] exception 'CHttpException' with message 'Unable to resolve the request "assets/lib/bootstrap/less/mixins.less".' in C:\wamp\www\apben\framework\web\CWebApplication.php:286
Stack trace:
#0 C:\wamp\www\apben\framework\web\CWebApplication.php(141): CWebApplication->runController('assets/lib/boot...')
#1 C:\wamp\www\apben\framework\base\CApplication.php(169): CWebApplication->processRequest()
#2 C:\wamp\www\apben\index.php(13): CApplication->run()
#3 {main}
REQUEST_URI=/apben/assets/lib/bootstrap/less/mixins.less
HTTP_REFERER=http://localhost/apben/assets/e3ecaab1/css/yii.css
---
2013/03/07 01:26:12 [error] [exception.CHttpException.404] exception 'CHttpException' with message 'Unable to resolve the request "assets/lib/bootstrap/less/mixins.less".' in C:\wamp\www\apben\framework\web\CWebApplication.php:286
Stack trace:
#0 C:\wamp\www\apben\framework\web\CWebApplication.php(141): CWebApplication->runController('assets/lib/boot...')
#1 C:\wamp\www\apben\framework\base\CApplication.php(169): CWebApplication->processRequest()
#2 C:\wamp\www\apben\index.php(13): CApplication->run()
#3 {main}
REQUEST_URI=/apben/assets/lib/bootstrap/less/mixins.less
HTTP_REFERER=http://localhost/apben/assets/e3ecaab1/css/yii.css
---
2013/03/07 01:26:58 [error] [exception.CHttpException.404] exception 'CHttpException' with message 'Unable to resolve the request "assets/lib/bootstrap/less/mixins.less".' in C:\wamp\www\apben\framework\web\CWebApplication.php:286
Stack trace:
#0 C:\wamp\www\apben\framework\web\CWebApplication.php(141): CWebApplication->runController('assets/lib/boot...')
#1 C:\wamp\www\apben\framework\base\CApplication.php(169): CWebApplication->processRequest()
#2 C:\wamp\www\apben\index.php(13): CApplication->run()
#3 {main}
REQUEST_URI=/apben/assets/lib/bootstrap/less/mixins.less
HTTP_REFERER=http://localhost/apben/assets/e3ecaab1/css/yii.css
---
2013/03/07 01:27:05 [warning] [application] Failed to set unsafe attribute "id" of "DetailInput".
in C:\wamp\www\apben\protected\components\RevisionBehavior.php (23)
in C:\wamp\www\apben\protected\controllers\DetailInputController.php (100)
in C:\wamp\www\apben\index.php (13)
2013/03/07 01:27:05 [warning] [application] Failed to set unsafe attribute "id" of "DetailInput".
in C:\wamp\www\apben\protected\components\RevisionBehavior.php (28)
in C:\wamp\www\apben\protected\controllers\DetailInputController.php (100)
in C:\wamp\www\apben\index.php (13)
2013/03/07 01:27:06 [error] [exception.CHttpException.404] exception 'CHttpException' with message 'Unable to resolve the request "assets/lib/bootstrap/less/mixins.less".' in C:\wamp\www\apben\framework\web\CWebApplication.php:286
Stack trace:
#0 C:\wamp\www\apben\framework\web\CWebApplication.php(141): CWebApplication->runController('assets/lib/boot...')
#1 C:\wamp\www\apben\framework\base\CApplication.php(169): CWebApplication->processRequest()
#2 C:\wamp\www\apben\index.php(13): CApplication->run()
#3 {main}
REQUEST_URI=/apben/assets/lib/bootstrap/less/mixins.less
HTTP_REFERER=http://localhost/apben/assets/e3ecaab1/css/yii.css
---
2013/03/07 01:31:07 [error] [exception.CHttpException.404] exception 'CHttpException' with message 'Unable to resolve the request "assets/lib/bootstrap/less/mixins.less".' in C:\wamp\www\apben\framework\web\CWebApplication.php:286
Stack trace:
#0 C:\wamp\www\apben\framework\web\CWebApplication.php(141): CWebApplication->runController('assets/lib/boot...')
#1 C:\wamp\www\apben\framework\base\CApplication.php(169): CWebApplication->processRequest()
#2 C:\wamp\www\apben\index.php(13): CApplication->run()
#3 {main}
REQUEST_URI=/apben/assets/lib/bootstrap/less/mixins.less
HTTP_REFERER=http://localhost/apben/assets/e3ecaab1/css/yii.css
---
2013/03/07 01:37:51 [error] [exception.CHttpException.404] exception 'CHttpException' with message 'Unable to resolve the request "assets/lib/bootstrap/less/mixins.less".' in C:\wamp\www\apben\framework\web\CWebApplication.php:286
Stack trace:
#0 C:\wamp\www\apben\framework\web\CWebApplication.php(141): CWebApplication->runController('assets/lib/boot...')
#1 C:\wamp\www\apben\framework\base\CApplication.php(169): CWebApplication->processRequest()
#2 C:\wamp\www\apben\index.php(13): CApplication->run()
#3 {main}
REQUEST_URI=/apben/assets/lib/bootstrap/less/mixins.less
HTTP_REFERER=http://localhost/apben/assets/e3ecaab1/css/yii.css
---
2013/03/07 01:37:55 [warning] [application] Failed to set unsafe attribute "id" of "DetailInput".
in C:\wamp\www\apben\protected\components\RevisionBehavior.php (23)
in C:\wamp\www\apben\protected\controllers\DetailInputController.php (100)
in C:\wamp\www\apben\index.php (13)
2013/03/07 01:37:55 [warning] [application] Failed to set unsafe attribute "id" of "DetailInput".
in C:\wamp\www\apben\protected\components\RevisionBehavior.php (28)
in C:\wamp\www\apben\protected\controllers\DetailInputController.php (100)
in C:\wamp\www\apben\index.php (13)
2013/03/07 01:37:55 [error] [exception.CHttpException.404] exception 'CHttpException' with message 'Unable to resolve the request "assets/lib/bootstrap/less/mixins.less".' in C:\wamp\www\apben\framework\web\CWebApplication.php:286
Stack trace:
#0 C:\wamp\www\apben\framework\web\CWebApplication.php(141): CWebApplication->runController('assets/lib/boot...')
#1 C:\wamp\www\apben\framework\base\CApplication.php(169): CWebApplication->processRequest()
#2 C:\wamp\www\apben\index.php(13): CApplication->run()
#3 {main}
REQUEST_URI=/apben/assets/lib/bootstrap/less/mixins.less
HTTP_REFERER=http://localhost/apben/assets/e3ecaab1/css/yii.css
---
2013/03/07 01:38:15 [error] [exception.CHttpException.404] exception 'CHttpException' with message 'Unable to resolve the request "assets/lib/bootstrap/less/mixins.less".' in C:\wamp\www\apben\framework\web\CWebApplication.php:286
Stack trace:
#0 C:\wamp\www\apben\framework\web\CWebApplication.php(141): CWebApplication->runController('assets/lib/boot...')
#1 C:\wamp\www\apben\framework\base\CApplication.php(169): CWebApplication->processRequest()
#2 C:\wamp\www\apben\index.php(13): CApplication->run()
#3 {main}
REQUEST_URI=/apben/assets/lib/bootstrap/less/mixins.less
HTTP_REFERER=http://localhost/apben/assets/e3ecaab1/css/yii.css
---
2013/03/07 01:38:19 [error] [exception.CHttpException.404] exception 'CHttpException' with message 'Unable to resolve the request "assets/lib/bootstrap/less/mixins.less".' in C:\wamp\www\apben\framework\web\CWebApplication.php:286
Stack trace:
#0 C:\wamp\www\apben\framework\web\CWebApplication.php(141): CWebApplication->runController('assets/lib/boot...')
#1 C:\wamp\www\apben\framework\base\CApplication.php(169): CWebApplication->processRequest()
#2 C:\wamp\www\apben\index.php(13): CApplication->run()
#3 {main}
REQUEST_URI=/apben/assets/lib/bootstrap/less/mixins.less
HTTP_REFERER=http://localhost/apben/assets/e3ecaab1/css/yii.css
---
2013/03/07 01:38:37 [error] [exception.CHttpException.404] exception 'CHttpException' with message 'Unable to resolve the request "assets/lib/bootstrap/less/mixins.less".' in C:\wamp\www\apben\framework\web\CWebApplication.php:286
Stack trace:
#0 C:\wamp\www\apben\framework\web\CWebApplication.php(141): CWebApplication->runController('assets/lib/boot...')
#1 C:\wamp\www\apben\framework\base\CApplication.php(169): CWebApplication->processRequest()
#2 C:\wamp\www\apben\index.php(13): CApplication->run()
#3 {main}
REQUEST_URI=/apben/assets/lib/bootstrap/less/mixins.less
HTTP_REFERER=http://localhost/apben/assets/e3ecaab1/css/yii.css
---
2013/03/07 01:39:55 [error] [exception.CHttpException.404] exception 'CHttpException' with message 'Unable to resolve the request "assets/lib/bootstrap/less/mixins.less".' in C:\wamp\www\apben\framework\web\CWebApplication.php:286
Stack trace:
#0 C:\wamp\www\apben\framework\web\CWebApplication.php(141): CWebApplication->runController('assets/lib/boot...')
#1 C:\wamp\www\apben\framework\base\CApplication.php(169): CWebApplication->processRequest()
#2 C:\wamp\www\apben\index.php(13): CApplication->run()
#3 {main}
REQUEST_URI=/apben/assets/lib/bootstrap/less/mixins.less
HTTP_REFERER=http://192.168.20.5/apben/site/login
---
2013/03/07 01:40:01 [error] [exception.CHttpException.404] exception 'CHttpException' with message 'Unable to resolve the request "assets/lib/bootstrap/less/mixins.less".' in C:\wamp\www\apben\framework\web\CWebApplication.php:286
Stack trace:
#0 C:\wamp\www\apben\framework\web\CWebApplication.php(141): CWebApplication->runController('assets/lib/boot...')
#1 C:\wamp\www\apben\framework\base\CApplication.php(169): CWebApplication->processRequest()
#2 C:\wamp\www\apben\index.php(13): CApplication->run()
#3 {main}
REQUEST_URI=/apben/assets/lib/bootstrap/less/mixins.less
HTTP_REFERER=http://192.168.20.5/apben/masterMak/create
---
2013/03/07 01:40:04 [error] [exception.CHttpException.404] exception 'CHttpException' with message 'Unable to resolve the request "assets/lib/bootstrap/less/mixins.less".' in C:\wamp\www\apben\framework\web\CWebApplication.php:286
Stack trace:
#0 C:\wamp\www\apben\framework\web\CWebApplication.php(141): CWebApplication->runController('assets/lib/boot...')
#1 C:\wamp\www\apben\framework\base\CApplication.php(169): CWebApplication->processRequest()
#2 C:\wamp\www\apben\index.php(13): CApplication->run()
#3 {main}
REQUEST_URI=/apben/assets/lib/bootstrap/less/mixins.less
HTTP_REFERER=http://192.168.20.5/apben/masterOutput/admin
---
2013/03/07 01:40:06 [error] [exception.CHttpException.404] exception 'CHttpException' with message 'Unable to resolve the request "assets/lib/bootstrap/less/mixins.less".' in C:\wamp\www\apben\framework\web\CWebApplication.php:286
Stack trace:
#0 C:\wamp\www\apben\framework\web\CWebApplication.php(141): CWebApplication->runController('assets/lib/boot...')
#1 C:\wamp\www\apben\framework\base\CApplication.php(169): CWebApplication->processRequest()
#2 C:\wamp\www\apben\index.php(13): CApplication->run()
#3 {main}
REQUEST_URI=/apben/assets/lib/bootstrap/less/mixins.less
HTTP_REFERER=http://192.168.20.5/apben/masterSubOutput/admin
---
2013/03/07 01:40:23 [warning] [application] Failed to set unsafe attribute "id" of "DetailInput".
in C:\wamp\www\apben\protected\components\RevisionBehavior.php (23)
in C:\wamp\www\apben\protected\models\DetailInput.php (69)
in C:\wamp\www\apben\protected\controllers\DetailInputController.php (100)
2013/03/07 01:40:23 [warning] [application] Failed to set unsafe attribute "id" of "DetailInput".
in C:\wamp\www\apben\protected\components\RevisionBehavior.php (28)
in C:\wamp\www\apben\protected\models\DetailInput.php (69)
in C:\wamp\www\apben\protected\controllers\DetailInputController.php (100)
2013/03/07 01:40:24 [error] [exception.CHttpException.404] exception 'CHttpException' with message 'Unable to resolve the request "assets/lib/bootstrap/less/mixins.less".' in C:\wamp\www\apben\framework\web\CWebApplication.php:286
Stack trace:
#0 C:\wamp\www\apben\framework\web\CWebApplication.php(141): CWebApplication->runController('assets/lib/boot...')
#1 C:\wamp\www\apben\framework\base\CApplication.php(169): CWebApplication->processRequest()
#2 C:\wamp\www\apben\index.php(13): CApplication->run()
#3 {main}
REQUEST_URI=/apben/assets/lib/bootstrap/less/mixins.less
HTTP_REFERER=http://localhost/apben/assets/e3ecaab1/css/yii.css
---
2013/03/07 01:40:38 [warning] [application] Failed to set unsafe attribute "id" of "DetailInput".
in C:\wamp\www\apben\protected\components\RevisionBehavior.php (23)
in C:\wamp\www\apben\protected\models\DetailInput.php (69)
in C:\wamp\www\apben\protected\controllers\DetailInputController.php (100)
2013/03/07 01:40:38 [warning] [application] Failed to set unsafe attribute "id" of "DetailInput".
in C:\wamp\www\apben\protected\components\RevisionBehavior.php (28)
in C:\wamp\www\apben\protected\models\DetailInput.php (69)
in C:\wamp\www\apben\protected\controllers\DetailInputController.php (100)
2013/03/07 01:40:38 [error] [exception.CHttpException.404] exception 'CHttpException' with message 'Unable to resolve the request "assets/lib/bootstrap/less/mixins.less".' in C:\wamp\www\apben\framework\web\CWebApplication.php:286
Stack trace:
#0 C:\wamp\www\apben\framework\web\CWebApplication.php(141): CWebApplication->runController('assets/lib/boot...')
#1 C:\wamp\www\apben\framework\base\CApplication.php(169): CWebApplication->processRequest()
#2 C:\wamp\www\apben\index.php(13): CApplication->run()
#3 {main}
REQUEST_URI=/apben/assets/lib/bootstrap/less/mixins.less
HTTP_REFERER=http://localhost/apben/assets/e3ecaab1/css/yii.css
---
2013/03/07 01:42:37 [error] [exception.CHttpException.404] exception 'CHttpException' with message 'Unable to resolve the request "assets/lib/bootstrap/less/mixins.less".' in C:\wamp\www\apben\framework\web\CWebApplication.php:286
Stack trace:
#0 C:\wamp\www\apben\framework\web\CWebApplication.php(141): CWebApplication->runController('assets/lib/boot...')
#1 C:\wamp\www\apben\framework\base\CApplication.php(169): CWebApplication->processRequest()
#2 C:\wamp\www\apben\index.php(13): CApplication->run()
#3 {main}
REQUEST_URI=/apben/assets/lib/bootstrap/less/mixins.less
HTTP_REFERER=http://localhost/apben/assets/e3ecaab1/css/yii.css
---
2013/03/07 01:42:39 [warning] [application] Failed to set unsafe attribute "id" of "DetailInput".
in C:\wamp\www\apben\protected\components\RevisionBehavior.php (23)
in C:\wamp\www\apben\protected\models\DetailInput.php (69)
in C:\wamp\www\apben\protected\controllers\DetailInputController.php (100)
2013/03/07 01:42:39 [warning] [application] Failed to set unsafe attribute "id" of "DetailInput".
in C:\wamp\www\apben\protected\components\RevisionBehavior.php (28)
in C:\wamp\www\apben\protected\models\DetailInput.php (69)
in C:\wamp\www\apben\protected\controllers\DetailInputController.php (100)
2013/03/07 01:42:40 [error] [exception.CHttpException.404] exception 'CHttpException' with message 'Unable to resolve the request "assets/lib/bootstrap/less/mixins.less".' in C:\wamp\www\apben\framework\web\CWebApplication.php:286
Stack trace:
#0 C:\wamp\www\apben\framework\web\CWebApplication.php(141): CWebApplication->runController('assets/lib/boot...')
#1 C:\wamp\www\apben\framework\base\CApplication.php(169): CWebApplication->processRequest()
#2 C:\wamp\www\apben\index.php(13): CApplication->run()
#3 {main}
REQUEST_URI=/apben/assets/lib/bootstrap/less/mixins.less
HTTP_REFERER=http://localhost/apben/assets/e3ecaab1/css/yii.css
---
2013/03/07 01:42:44 [warning] [application] Failed to set unsafe attribute "id" of "DetailInput".
in C:\wamp\www\apben\protected\components\RevisionBehavior.php (23)
in C:\wamp\www\apben\protected\models\DetailInput.php (69)
in C:\wamp\www\apben\protected\controllers\DetailInputController.php (100)
2013/03/07 01:42:44 [warning] [application] Failed to set unsafe attribute "id" of "DetailInput".
in C:\wamp\www\apben\protected\components\RevisionBehavior.php (28)
in C:\wamp\www\apben\protected\models\DetailInput.php (69)
in C:\wamp\www\apben\protected\controllers\DetailInputController.php (100)
2013/03/07 01:42:45 [error] [exception.CHttpException.404] exception 'CHttpException' with message 'Unable to resolve the request "assets/lib/bootstrap/less/mixins.less".' in C:\wamp\www\apben\framework\web\CWebApplication.php:286
Stack trace:
#0 C:\wamp\www\apben\framework\web\CWebApplication.php(141): CWebApplication->runController('assets/lib/boot...')
#1 C:\wamp\www\apben\framework\base\CApplication.php(169): CWebApplication->processRequest()
#2 C:\wamp\www\apben\index.php(13): CApplication->run()
#3 {main}
REQUEST_URI=/apben/assets/lib/bootstrap/less/mixins.less
HTTP_REFERER=http://localhost/apben/assets/e3ecaab1/css/yii.css
---
2013/03/07 01:43:02 [error] [exception.CHttpException.404] exception 'CHttpException' with message 'Unable to resolve the request "assets/lib/bootstrap/less/mixins.less".' in C:\wamp\www\apben\framework\web\CWebApplication.php:286
Stack trace:
#0 C:\wamp\www\apben\framework\web\CWebApplication.php(141): CWebApplication->runController('assets/lib/boot...')
#1 C:\wamp\www\apben\framework\base\CApplication.php(169): CWebApplication->processRequest()
#2 C:\wamp\www\apben\index.php(13): CApplication->run()
#3 {main}
REQUEST_URI=/apben/assets/lib/bootstrap/less/mixins.less
HTTP_REFERER=http://localhost/apben/assets/e3ecaab1/css/yii.css
---
2013/03/07 01:43:04 [warning] [application] Failed to set unsafe attribute "id" of "DetailInput".
in C:\wamp\www\apben\protected\components\RevisionBehavior.php (23)
in C:\wamp\www\apben\protected\models\DetailInput.php (69)
in C:\wamp\www\apben\protected\controllers\DetailInputController.php (100)
2013/03/07 01:43:04 [warning] [application] Failed to set unsafe attribute "id" of "DetailInput".
in C:\wamp\www\apben\protected\components\RevisionBehavior.php (28)
in C:\wamp\www\apben\protected\models\DetailInput.php (69)
in C:\wamp\www\apben\protected\controllers\DetailInputController.php (100)
2013/03/07 01:43:04 [error] [exception.CHttpException.404] exception 'CHttpException' with message 'Unable to resolve the request "assets/lib/bootstrap/less/mixins.less".' in C:\wamp\www\apben\framework\web\CWebApplication.php:286
Stack trace:
#0 C:\wamp\www\apben\framework\web\CWebApplication.php(141): CWebApplication->runController('assets/lib/boot...')
#1 C:\wamp\www\apben\framework\base\CApplication.php(169): CWebApplication->processRequest()
#2 C:\wamp\www\apben\index.php(13): CApplication->run()
#3 {main}
REQUEST_URI=/apben/assets/lib/bootstrap/less/mixins.less
HTTP_REFERER=http://localhost/apben/assets/e3ecaab1/css/yii.css
---
2013/03/07 01:43:18 [error] [exception.CHttpException.404] exception 'CHttpException' with message 'Unable to resolve the request "assets/lib/bootstrap/less/mixins.less".' in C:\wamp\www\apben\framework\web\CWebApplication.php:286
Stack trace:
#0 C:\wamp\www\apben\framework\web\CWebApplication.php(141): CWebApplication->runController('assets/lib/boot...')
#1 C:\wamp\www\apben\framework\base\CApplication.php(169): CWebApplication->processRequest()
#2 C:\wamp\www\apben\index.php(13): CApplication->run()
#3 {main}
REQUEST_URI=/apben/assets/lib/bootstrap/less/mixins.less
HTTP_REFERER=http://localhost/apben/assets/e3ecaab1/css/yii.css
---
2013/03/07 01:43:20 [warning] [application] Failed to set unsafe attribute "id" of "DetailInput".
in C:\wamp\www\apben\protected\components\RevisionBehavior.php (23)
in C:\wamp\www\apben\protected\models\DetailInput.php (69)
in C:\wamp\www\apben\protected\controllers\DetailInputController.php (100)
2013/03/07 01:43:20 [warning] [application] Failed to set unsafe attribute "id" of "DetailInput".
in C:\wamp\www\apben\protected\components\RevisionBehavior.php (28)
in C:\wamp\www\apben\protected\models\DetailInput.php (69)
in C:\wamp\www\apben\protected\controllers\DetailInputController.php (100)
2013/03/07 01:43:20 [error] [exception.CHttpException.404] exception 'CHttpException' with message 'Unable to resolve the request "assets/lib/bootstrap/less/mixins.less".' in C:\wamp\www\apben\framework\web\CWebApplication.php:286
Stack trace:
#0 C:\wamp\www\apben\framework\web\CWebApplication.php(141): CWebApplication->runController('assets/lib/boot...')
#1 C:\wamp\www\apben\framework\base\CApplication.php(169): CWebApplication->processRequest()
#2 C:\wamp\www\apben\index.php(13): CApplication->run()
#3 {main}
REQUEST_URI=/apben/assets/lib/bootstrap/less/mixins.less
HTTP_REFERER=http://localhost/apben/assets/e3ecaab1/css/yii.css
---
2013/03/07 01:43:25 [warning] [application] Failed to set unsafe attribute "id" of "Mak".
in C:\wamp\www\apben\protected\components\RevisionBehavior.php (23)
in C:\wamp\www\apben\protected\controllers\MakController.php (100)
in C:\wamp\www\apben\index.php (13)
2013/03/07 01:43:25 [warning] [application] Failed to set unsafe attribute "id" of "Mak".
in C:\wamp\www\apben\protected\components\RevisionBehavior.php (28)
in C:\wamp\www\apben\protected\controllers\MakController.php (100)
in C:\wamp\www\apben\index.php (13)
2013/03/07 01:43:26 [error] [exception.CHttpException.404] exception 'CHttpException' with message 'Unable to resolve the request "assets/lib/bootstrap/less/mixins.less".' in C:\wamp\www\apben\framework\web\CWebApplication.php:286
Stack trace:
#0 C:\wamp\www\apben\framework\web\CWebApplication.php(141): CWebApplication->runController('assets/lib/boot...')
#1 C:\wamp\www\apben\framework\base\CApplication.php(169): CWebApplication->processRequest()
#2 C:\wamp\www\apben\index.php(13): CApplication->run()
#3 {main}
REQUEST_URI=/apben/assets/lib/bootstrap/less/mixins.less
HTTP_REFERER=http://localhost/apben/assets/e3ecaab1/css/yii.css
---
2013/03/07 01:43:31 [error] [exception.CHttpException.404] exception 'CHttpException' with message 'Unable to resolve the request "assets/lib/bootstrap/less/mixins.less".' in C:\wamp\www\apben\framework\web\CWebApplication.php:286
Stack trace:
#0 C:\wamp\www\apben\framework\web\CWebApplication.php(141): CWebApplication->runController('assets/lib/boot...')
#1 C:\wamp\www\apben\framework\base\CApplication.php(169): CWebApplication->processRequest()
#2 C:\wamp\www\apben\index.php(13): CApplication->run()
#3 {main}
REQUEST_URI=/apben/assets/lib/bootstrap/less/mixins.less
HTTP_REFERER=http://localhost/apben/assets/e3ecaab1/css/yii.css
---
2013/03/07 01:43:40 [warning] [application] Failed to set unsafe attribute "id" of "Output".
in C:\wamp\www\apben\protected\components\RevisionBehavior.php (23)
in C:\wamp\www\apben\protected\controllers\OutputController.php (99)
in C:\wamp\www\apben\index.php (13)
2013/03/07 01:43:40 [warning] [application] Failed to set unsafe attribute "id" of "Output".
in C:\wamp\www\apben\protected\components\RevisionBehavior.php (28)
in C:\wamp\www\apben\protected\controllers\OutputController.php (99)
in C:\wamp\www\apben\index.php (13)
2013/03/07 01:43:41 [error] [exception.CHttpException.404] exception 'CHttpException' with message 'Unable to resolve the request "assets/lib/bootstrap/less/mixins.less".' in C:\wamp\www\apben\framework\web\CWebApplication.php:286
Stack trace:
#0 C:\wamp\www\apben\framework\web\CWebApplication.php(141): CWebApplication->runController('assets/lib/boot...')
#1 C:\wamp\www\apben\framework\base\CApplication.php(169): CWebApplication->processRequest()
#2 C:\wamp\www\apben\index.php(13): CApplication->run()
#3 {main}
REQUEST_URI=/apben/assets/lib/bootstrap/less/mixins.less
HTTP_REFERER=http://localhost/apben/assets/e3ecaab1/css/yii.css
---
2013/03/07 01:50:54 [error] [exception.CHttpException.404] exception 'CHttpException' with message 'Unable to resolve the request "assets/lib/bootstrap/less/mixins.less".' in C:\wamp\www\apben\framework\web\CWebApplication.php:286
Stack trace:
#0 C:\wamp\www\apben\framework\web\CWebApplication.php(141): CWebApplication->runController('assets/lib/boot...')
#1 C:\wamp\www\apben\framework\base\CApplication.php(169): CWebApplication->processRequest()
#2 C:\wamp\www\apben\index.php(13): CApplication->run()
#3 {main}
REQUEST_URI=/apben/assets/lib/bootstrap/less/mixins.less
HTTP_REFERER=http://localhost/apben/assets/e3ecaab1/css/yii.css
---
2013/03/07 01:52:16 [error] [exception.CHttpException.404] exception 'CHttpException' with message 'Unable to resolve the request "assets/lib/bootstrap/less/mixins.less".' in C:\wamp\www\apben\framework\web\CWebApplication.php:286
Stack trace:
#0 C:\wamp\www\apben\framework\web\CWebApplication.php(141): CWebApplication->runController('assets/lib/boot...')
#1 C:\wamp\www\apben\framework\base\CApplication.php(169): CWebApplication->processRequest()
#2 C:\wamp\www\apben\index.php(13): CApplication->run()
#3 {main}
REQUEST_URI=/apben/assets/lib/bootstrap/less/mixins.less
HTTP_REFERER=http://localhost/apben/assets/e3ecaab1/css/yii.css
---
2013/03/07 01:52:18 [warning] [application] Failed to set unsafe attribute "id" of "DetailInput".
in C:\wamp\www\apben\protected\components\RevisionBehavior.php (23)
in C:\wamp\www\apben\protected\models\DetailInput.php (69)
in C:\wamp\www\apben\protected\controllers\DetailInputController.php (100)
2013/03/07 01:52:18 [warning] [application] Failed to set unsafe attribute "id" of "DetailInput".
in C:\wamp\www\apben\protected\components\RevisionBehavior.php (28)
in C:\wamp\www\apben\protected\models\DetailInput.php (69)
in C:\wamp\www\apben\protected\controllers\DetailInputController.php (100)
2013/03/07 01:52:19 [error] [exception.CHttpException.404] exception 'CHttpException' with message 'Unable to resolve the request "assets/lib/bootstrap/less/mixins.less".' in C:\wamp\www\apben\framework\web\CWebApplication.php:286
Stack trace:
#0 C:\wamp\www\apben\framework\web\CWebApplication.php(141): CWebApplication->runController('assets/lib/boot...')
#1 C:\wamp\www\apben\framework\base\CApplication.php(169): CWebApplication->processRequest()
#2 C:\wamp\www\apben\index.php(13): CApplication->run()
#3 {main}
REQUEST_URI=/apben/assets/lib/bootstrap/less/mixins.less
HTTP_REFERER=http://localhost/apben/assets/e3ecaab1/css/yii.css
---
2013/03/07 01:52:22 [warning] [application] Failed to set unsafe attribute "id" of "DetailInput".
in C:\wamp\www\apben\protected\components\RevisionBehavior.php (23)
in C:\wamp\www\apben\protected\models\DetailInput.php (69)
in C:\wamp\www\apben\protected\controllers\DetailInputController.php (100)
2013/03/07 01:52:22 [warning] [application] Failed to set unsafe attribute "id" of "DetailInput".
in C:\wamp\www\apben\protected\components\RevisionBehavior.php (28)
in C:\wamp\www\apben\protected\models\DetailInput.php (69)
in C:\wamp\www\apben\protected\controllers\DetailInputController.php (100)
2013/03/07 01:52:25 [warning] [application] Failed to set unsafe attribute "id" of "DetailInput".
in C:\wamp\www\apben\protected\components\RevisionBehavior.php (23)
in C:\wamp\www\apben\protected\models\DetailInput.php (69)
in C:\wamp\www\apben\protected\controllers\DetailInputController.php (100)
2013/03/07 01:52:25 [warning] [application] Failed to set unsafe attribute "id" of "DetailInput".
in C:\wamp\www\apben\protected\components\RevisionBehavior.php (28)
in C:\wamp\www\apben\protected\models\DetailInput.php (69)
in C:\wamp\www\apben\protected\controllers\DetailInputController.php (100)
2013/03/07 01:54:46 [warning] [application] Failed to set unsafe attribute "id" of "DetailInput".
in C:\wamp\www\apben\protected\components\RevisionBehavior.php (23)
in C:\wamp\www\apben\protected\models\DetailInput.php (69)
in C:\wamp\www\apben\protected\controllers\DetailInputController.php (100)
2013/03/07 01:54:46 [warning] [application] Failed to set unsafe attribute "id" of "DetailInput".
in C:\wamp\www\apben\protected\components\RevisionBehavior.php (28)
in C:\wamp\www\apben\protected\models\DetailInput.php (69)
in C:\wamp\www\apben\protected\controllers\DetailInputController.php (100)
2013/03/07 01:54:47 [error] [exception.CHttpException.404] exception 'CHttpException' with message 'Unable to resolve the request "assets/lib/bootstrap/less/mixins.less".' in C:\wamp\www\apben\framework\web\CWebApplication.php:286
Stack trace:
#0 C:\wamp\www\apben\framework\web\CWebApplication.php(141): CWebApplication->runController('assets/lib/boot...')
#1 C:\wamp\www\apben\framework\base\CApplication.php(169): CWebApplication->processRequest()
#2 C:\wamp\www\apben\index.php(13): CApplication->run()
#3 {main}
REQUEST_URI=/apben/assets/lib/bootstrap/less/mixins.less
HTTP_REFERER=http://localhost/apben/assets/e3ecaab1/css/yii.css
---
2013/03/07 01:55:02 [error] [exception.CHttpException.404] exception 'CHttpException' with message 'Unable to resolve the request "assets/lib/bootstrap/less/mixins.less".' in C:\wamp\www\apben\framework\web\CWebApplication.php:286
Stack trace:
#0 C:\wamp\www\apben\framework\web\CWebApplication.php(141): CWebApplication->runController('assets/lib/boot...')
#1 C:\wamp\www\apben\framework\base\CApplication.php(169): CWebApplication->processRequest()
#2 C:\wamp\www\apben\index.php(13): CApplication->run()
#3 {main}
REQUEST_URI=/apben/assets/lib/bootstrap/less/mixins.less
HTTP_REFERER=http://localhost/apben/assets/e3ecaab1/css/yii.css
---
2013/03/07 01:55:29 [error] [exception.CHttpException.404] exception 'CHttpException' with message 'Unable to resolve the request "assets/lib/bootstrap/less/mixins.less".' in C:\wamp\www\apben\framework\web\CWebApplication.php:286
Stack trace:
#0 C:\wamp\www\apben\framework\web\CWebApplication.php(141): CWebApplication->runController('assets/lib/boot...')
#1 C:\wamp\www\apben\framework\base\CApplication.php(169): CWebApplication->processRequest()
#2 C:\wamp\www\apben\index.php(13): CApplication->run()
#3 {main}
REQUEST_URI=/apben/assets/lib/bootstrap/less/mixins.less
HTTP_REFERER=http://localhost/apben/assets/e3ecaab1/css/yii.css
---
2013/03/07 01:55:43 [error] [exception.CHttpException.404] exception 'CHttpException' with message 'Unable to resolve the request "assets/lib/bootstrap/less/mixins.less".' in C:\wamp\www\apben\framework\web\CWebApplication.php:286
Stack trace:
#0 C:\wamp\www\apben\framework\web\CWebApplication.php(141): CWebApplication->runController('assets/lib/boot...')
#1 C:\wamp\www\apben\framework\base\CApplication.php(169): CWebApplication->processRequest()
#2 C:\wamp\www\apben\index.php(13): CApplication->run()
#3 {main}
REQUEST_URI=/apben/assets/lib/bootstrap/less/mixins.less
HTTP_REFERER=http://localhost/apben/assets/e3ecaab1/css/yii.css
---
2013/03/07 01:55:45 [warning] [application] Failed to set unsafe attribute "id" of "DetailInput".
in C:\wamp\www\apben\protected\components\RevisionBehavior.php (23)
in C:\wamp\www\apben\protected\models\DetailInput.php (69)
in C:\wamp\www\apben\protected\controllers\DetailInputController.php (100)
2013/03/07 01:55:45 [warning] [application] Failed to set unsafe attribute "id" of "DetailInput".
in C:\wamp\www\apben\protected\components\RevisionBehavior.php (28)
in C:\wamp\www\apben\protected\models\DetailInput.php (69)
in C:\wamp\www\apben\protected\controllers\DetailInputController.php (100)
2013/03/07 01:55:46 [error] [exception.CHttpException.404] exception 'CHttpException' with message 'Unable to resolve the request "assets/lib/bootstrap/less/mixins.less".' in C:\wamp\www\apben\framework\web\CWebApplication.php:286
Stack trace:
#0 C:\wamp\www\apben\framework\web\CWebApplication.php(141): CWebApplication->runController('assets/lib/boot...')
#1 C:\wamp\www\apben\framework\base\CApplication.php(169): CWebApplication->processRequest()
#2 C:\wamp\www\apben\index.php(13): CApplication->run()
#3 {main}
REQUEST_URI=/apben/assets/lib/bootstrap/less/mixins.less
HTTP_REFERER=http://localhost/apben/assets/e3ecaab1/css/yii.css
---
2013/03/07 01:56:00 [error] [exception.CHttpException.404] exception 'CHttpException' with message 'Unable to resolve the request "assets/lib/bootstrap/less/mixins.less".' in C:\wamp\www\apben\framework\web\CWebApplication.php:286
Stack trace:
#0 C:\wamp\www\apben\framework\web\CWebApplication.php(141): CWebApplication->runController('assets/lib/boot...')
#1 C:\wamp\www\apben\framework\base\CApplication.php(169): CWebApplication->processRequest()
#2 C:\wamp\www\apben\index.php(13): CApplication->run()
#3 {main}
REQUEST_URI=/apben/assets/lib/bootstrap/less/mixins.less
HTTP_REFERER=http://localhost/apben/assets/e3ecaab1/css/yii.css
---
2013/03/07 01:57:37 [error] [exception.CHttpException.404] exception 'CHttpException' with message 'Unable to resolve the request "assets/lib/bootstrap/less/mixins.less".' in C:\wamp\www\apben\framework\web\CWebApplication.php:286
Stack trace:
#0 C:\wamp\www\apben\framework\web\CWebApplication.php(141): CWebApplication->runController('assets/lib/boot...')
#1 C:\wamp\www\apben\framework\base\CApplication.php(169): CWebApplication->processRequest()
#2 C:\wamp\www\apben\index.php(13): CApplication->run()
#3 {main}
REQUEST_URI=/apben/assets/lib/bootstrap/less/mixins.less
HTTP_REFERER=http://localhost/apben/assets/e3ecaab1/css/yii.css
---
2013/03/07 01:58:50 [error] [exception.CHttpException.404] exception 'CHttpException' with message 'Unable to resolve the request "assets/lib/bootstrap/less/mixins.less".' in C:\wamp\www\apben\framework\web\CWebApplication.php:286
Stack trace:
#0 C:\wamp\www\apben\framework\web\CWebApplication.php(141): CWebApplication->runController('assets/lib/boot...')
#1 C:\wamp\www\apben\framework\base\CApplication.php(169): CWebApplication->processRequest()
#2 C:\wamp\www\apben\index.php(13): CApplication->run()
#3 {main}
REQUEST_URI=/apben/assets/lib/bootstrap/less/mixins.less
HTTP_REFERER=http://localhost/apben/assets/e3ecaab1/css/yii.css
---
2013/03/07 01:58:52 [warning] [application] Failed to set unsafe attribute "id" of "DetailInput".
in C:\wamp\www\apben\protected\components\RevisionBehavior.php (23)
in C:\wamp\www\apben\protected\models\DetailInput.php (69)
in C:\wamp\www\apben\protected\controllers\DetailInputController.php (100)
2013/03/07 01:58:52 [warning] [application] Failed to set unsafe attribute "id" of "DetailInput".
in C:\wamp\www\apben\protected\components\RevisionBehavior.php (28)
in C:\wamp\www\apben\protected\models\DetailInput.php (69)
in C:\wamp\www\apben\protected\controllers\DetailInputController.php (100)
2013/03/07 01:58:52 [error] [exception.CHttpException.404] exception 'CHttpException' with message 'Unable to resolve the request "assets/lib/bootstrap/less/mixins.less".' in C:\wamp\www\apben\framework\web\CWebApplication.php:286
Stack trace:
#0 C:\wamp\www\apben\framework\web\CWebApplication.php(141): CWebApplication->runController('assets/lib/boot...')
#1 C:\wamp\www\apben\framework\base\CApplication.php(169): CWebApplication->processRequest()
#2 C:\wamp\www\apben\index.php(13): CApplication->run()
#3 {main}
REQUEST_URI=/apben/assets/lib/bootstrap/less/mixins.less
HTTP_REFERER=http://localhost/apben/assets/e3ecaab1/css/yii.css
---
